{"time":"2025-09-20T22:51:08+05:30","level":"INFO","msg":"Starting n8n Pro API Server","service":"api","version":"dev","build_time":"2025-09-20_17:20:58","git_commit":"dev"}
{"time":"2025-09-20T22:51:08+05:30","level":"INFO","msg":"Connected to PostgreSQL database","service":"postgres","host":"localhost","port":5432,"database":"n8n_clone","max_connections":25}
{"time":"2025-09-20T22:51:08+05:30","level":"INFO","msg":"API server started successfully","service":"api","port":8080,"tls_enabled":false}
{"time":"2025-09-20T22:51:08+05:30","level":"INFO","msg":"Starting metrics server","service":"api","addr":"0.0.0.0:9090"}
{"time":"2025-09-20T22:51:08+05:30","level":"INFO","msg":"Starting API server","service":"api","addr":"0.0.0.0:8080"}
2025/09/20 22:51:16 [Jaydeeps-MacBook-Air.local/eSNB5dzImI-000001] "GET http://localhost:8080/health HTTP/1.1" from [::1]:55638 - 200 71B in 24.583µs
{"time":"2025-09-20T22:51:38+05:30","level":"WARN","msg":"Connection pool wait detected","service":"postgres","wait_count":1,"wait_duration":16418166}
2025/09/20 22:51:41 [Jaydeeps-MacBook-Air.local/eSNB5dzImI-000002] "GET http://localhost:8080/health HTTP/1.1" from [::1]:55654 - 200 94B in 970.583µs
{"time":"2025-09-20T22:52:08+05:30","level":"WARN","msg":"Connection pool wait detected","service":"postgres","wait_count":1,"wait_duration":16418166}
{"time":"2025-09-20T22:52:38+05:30","level":"WARN","msg":"Connection pool wait detected","service":"postgres","wait_count":1,"wait_duration":16418166}
{"time":"2025-09-20T22:53:08+05:30","level":"WARN","msg":"Connection pool wait detected","service":"postgres","wait_count":1,"wait_duration":16418166}
{"time":"2025-09-20T22:53:38+05:30","level":"WARN","msg":"Connection pool wait detected","service":"postgres","wait_count":1,"wait_duration":16418166}
{"time":"2025-09-20T22:54:08+05:30","level":"WARN","msg":"Connection pool wait detected","service":"postgres","wait_count":1,"wait_duration":16418166}
{"time":"2025-09-20T22:54:38+05:30","level":"WARN","msg":"Connection pool wait detected","service":"postgres","wait_count":1,"wait_duration":16418166}
{"time":"2025-09-20T22:55:08+05:30","level":"WARN","msg":"Connection pool wait detected","service":"postgres","wait_count":1,"wait_duration":16418166}
{"time":"2025-09-20T22:55:38+05:30","level":"WARN","msg":"Connection pool wait detected","service":"postgres","wait_count":1,"wait_duration":16418166}
{"time":"2025-09-20T22:56:08+05:30","level":"WARN","msg":"Connection pool wait detected","service":"postgres","wait_count":1,"wait_duration":16418166}
2025/09/20 22:56:16 [Jaydeeps-MacBook-Air.local/eSNB5dzImI-000003] "GET http://localhost:8080/health HTTP/1.1" from [::1]:55679 - 200 71B in 34.458µs
2025/09/20 22:56:24 [Jaydeeps-MacBook-Air.local/eSNB5dzImI-000004] "GET http://localhost:8080/health HTTP/1.1" from [::1]:55680 - 200 71B in 38.875µs
{"time":"2025-09-20T22:56:24+05:30","level":"INFO","msg":"Listed workflows","service":"workflow-service","count":0,"total":0,"filter":{"limit":50,"offset":0,"sort_by":"","sort_order":""}}
2025/09/20 22:56:24 [Jaydeeps-MacBook-Air.local/eSNB5dzImI-000005] "GET http://localhost:8080/api/v1/workflows HTTP/1.1" from [::1]:55681 - 200 25B in 21.2265ms
{"time":"2025-09-20T22:56:38+05:30","level":"WARN","msg":"Connection pool wait detected","service":"postgres","wait_count":1,"wait_duration":16419959}
{"time":"2025-09-20T22:57:08+05:30","level":"WARN","msg":"Connection pool wait detected","service":"postgres","wait_count":1,"wait_duration":16419959}
{"time":"2025-09-20T22:57:38+05:30","level":"WARN","msg":"Connection pool wait detected","service":"postgres","wait_count":1,"wait_duration":16419959}
{"time":"2025-09-20T22:58:08+05:30","level":"WARN","msg":"Connection pool wait detected","service":"postgres","wait_count":1,"wait_duration":16419959}
{"time":"2025-09-20T22:58:38+05:30","level":"WARN","msg":"Connection pool wait detected","service":"postgres","wait_count":1,"wait_duration":16419959}
{"time":"2025-09-20T22:58:55+05:30","level":"INFO","msg":"Shutting down server...","service":"api"}
{"time":"2025-09-20T22:58:55+05:30","level":"INFO","msg":"Server exited","service":"api"}
{"time":"2025-09-20T22:58:55+05:30","level":"INFO","msg":"Database connection closed","service":"postgres"}
