{"time":"2025-09-20T22:51:28+05:30","level":"INFO","msg":"Starting n8n Pro Worker","service":"worker","version":"dev","build_time":"unknown","git_commit":"unknown"}
{"time":"2025-09-20T22:51:28+05:30","level":"INFO","msg":"Connected to PostgreSQL database","service":"postgres","host":"localhost","port":5432,"database":"n8n_clone","max_connections":25}
{"time":"2025-09-20T22:51:28+05:30","level":"INFO","msg":"Worker started successfully","service":"worker","concurrency":10,"queue_name":"workflow-jobs"}
{"time":"2025-09-20T22:51:28+05:30","level":"INFO","msg":"Starting worker loop","service":"worker","worker_id":5}
{"time":"2025-09-20T22:51:28+05:30","level":"INFO","msg":"Starting worker loop","service":"worker","worker_id":2}
{"time":"2025-09-20T22:51:28+05:30","level":"INFO","msg":"Starting worker loop","service":"worker","worker_id":4}
{"time":"2025-09-20T22:51:28+05:30","level":"INFO","msg":"Starting health check server","service":"worker","port":8082}
{"time":"2025-09-20T22:51:28+05:30","level":"INFO","msg":"Starting worker loop","service":"worker","worker_id":9}
{"time":"2025-09-20T22:51:28+05:30","level":"INFO","msg":"Starting worker loop","service":"worker","worker_id":8}
{"time":"2025-09-20T22:51:28+05:30","level":"INFO","msg":"Starting worker loop","service":"worker","worker_id":0}
{"time":"2025-09-20T22:51:28+05:30","level":"INFO","msg":"Starting worker loop","service":"worker","worker_id":3}
{"time":"2025-09-20T22:51:28+05:30","level":"INFO","msg":"Starting worker loop","service":"worker","worker_id":1}
{"time":"2025-09-20T22:51:28+05:30","level":"INFO","msg":"Starting worker loop","service":"worker","worker_id":6}
{"time":"2025-09-20T22:51:28+05:30","level":"INFO","msg":"Starting worker loop","service":"worker","worker_id":7}
{"time":"2025-09-20T22:51:33+05:30","level":"ERROR","msg":"Error processing message","service":"worker","worker_id":4,"error":"failed to read message: fetching message: context deadline exceeded"}
{"time":"2025-09-20T22:51:33+05:30","level":"ERROR","msg":"Error processing message","service":"worker","worker_id":0,"error":"failed to read message: fetching message: context deadline exceeded"}
{"time":"2025-09-20T22:51:33+05:30","level":"ERROR","msg":"Error processing message","service":"worker","worker_id":7,"error":"failed to read message: fetching message: context deadline exceeded"}
{"time":"2025-09-20T22:51:33+05:30","level":"ERROR","msg":"Error processing message","service":"worker","worker_id":3,"error":"failed to read message: fetching message: context deadline exceeded"}
{"time":"2025-09-20T22:51:33+05:30","level":"ERROR","msg":"Error processing message","service":"worker","worker_id":2,"error":"failed to read message: fetching message: context deadline exceeded"}
{"time":"2025-09-20T22:51:33+05:30","level":"ERROR","msg":"Error processing message","service":"worker","worker_id":5,"error":"failed to read message: fetching message: context deadline exceeded"}
{"time":"2025-09-20T22:51:33+05:30","level":"ERROR","msg":"Error processing message","service":"worker","worker_id":6,"error":"failed to read message: fetching message: context deadline exceeded"}
{"time":"2025-09-20T22:51:33+05:30","level":"ERROR","msg":"Error processing message","service":"worker","worker_id":1,"error":"failed to read message: fetching message: context deadline exceeded"}
{"time":"2025-09-20T22:51:33+05:30","level":"ERROR","msg":"Error processing message","service":"worker","worker_id":8,"error":"failed to read message: fetching message: context deadline exceeded"}
{"time":"2025-09-20T22:51:33+05:30","level":"ERROR","msg":"Error processing message","service":"worker","worker_id":9,"error":"failed to read message: fetching message: context deadline exceeded"}
{"time":"2025-09-20T22:51:58+05:30","level":"WARN","msg":"Connection pool wait detected","service":"postgres","wait_count":1,"wait_duration":7844333}
{"time":"2025-09-20T22:52:08+05:30","level":"ERROR","msg":"Error processing message","service":"worker","worker_id":1,"error":"failed to read message: fetching message: context deadline exceeded"}
{"time":"2025-09-20T22:52:08+05:30","level":"ERROR","msg":"Error processing message","service":"worker","worker_id":4,"error":"failed to read message: fetching message: context deadline exceeded"}
{"time":"2025-09-20T22:52:08+05:30","level":"ERROR","msg":"Error processing message","service":"worker","worker_id":2,"error":"failed to read message: fetching message: context deadline exceeded"}
{"time":"2025-09-20T22:52:08+05:30","level":"ERROR","msg":"Error processing message","service":"worker","worker_id":8,"error":"failed to read message: fetching message: context deadline exceeded"}
{"time":"2025-09-20T22:52:08+05:30","level":"ERROR","msg":"Error processing message","service":"worker","worker_id":3,"error":"failed to read message: fetching message: context deadline exceeded"}
{"time":"2025-09-20T22:52:08+05:30","level":"ERROR","msg":"Error processing message","service":"worker","worker_id":5,"error":"failed to read message: fetching message: context deadline exceeded"}
{"time":"2025-09-20T22:52:08+05:30","level":"ERROR","msg":"Error processing message","service":"worker","worker_id":9,"error":"failed to read message: fetching message: context deadline exceeded"}
{"time":"2025-09-20T22:52:08+05:30","level":"ERROR","msg":"Error processing message","service":"worker","worker_id":6,"error":"failed to read message: fetching message: context deadline exceeded"}
{"time":"2025-09-20T22:52:08+05:30","level":"ERROR","msg":"Error processing message","service":"worker","worker_id":0,"error":"failed to read message: fetching message: context deadline exceeded"}
{"time":"2025-09-20T22:52:08+05:30","level":"ERROR","msg":"Error processing message","service":"worker","worker_id":7,"error":"failed to read message: fetching message: context deadline exceeded"}
{"time":"2025-09-20T22:52:28+05:30","level":"WARN","msg":"Connection pool wait detected","service":"postgres","wait_count":1,"wait_duration":7844333}
{"time":"2025-09-20T22:52:43+05:30","level":"ERROR","msg":"Error processing message","service":"worker","worker_id":0,"error":"failed to read message: fetching message: context deadline exceeded"}
{"time":"2025-09-20T22:52:43+05:30","level":"ERROR","msg":"Error processing message","service":"worker","worker_id":8,"error":"failed to read message: fetching message: context deadline exceeded"}
{"time":"2025-09-20T22:52:43+05:30","level":"ERROR","msg":"Error processing message","service":"worker","worker_id":4,"error":"failed to read message: fetching message: context deadline exceeded"}
{"time":"2025-09-20T22:52:43+05:30","level":"ERROR","msg":"Error processing message","service":"worker","worker_id":1,"error":"failed to read message: fetching message: context deadline exceeded"}
{"time":"2025-09-20T22:52:43+05:30","level":"ERROR","msg":"Error processing message","service":"worker","worker_id":2,"error":"failed to read message: fetching message: context deadline exceeded"}
{"time":"2025-09-20T22:52:43+05:30","level":"ERROR","msg":"Error processing message","service":"worker","worker_id":3,"error":"failed to read message: fetching message: context deadline exceeded"}
{"time":"2025-09-20T22:52:43+05:30","level":"ERROR","msg":"Error processing message","service":"worker","worker_id":5,"error":"failed to read message: fetching message: context deadline exceeded"}
{"time":"2025-09-20T22:52:43+05:30","level":"ERROR","msg":"Error processing message","service":"worker","worker_id":9,"error":"failed to read message: fetching message: context deadline exceeded"}
{"time":"2025-09-20T22:52:43+05:30","level":"ERROR","msg":"Error processing message","service":"worker","worker_id":7,"error":"failed to read message: fetching message: context deadline exceeded"}
{"time":"2025-09-20T22:52:43+05:30","level":"ERROR","msg":"Error processing message","service":"worker","worker_id":6,"error":"failed to read message: fetching message: context deadline exceeded"}
{"time":"2025-09-20T22:52:58+05:30","level":"WARN","msg":"Connection pool wait detected","service":"postgres","wait_count":1,"wait_duration":7844333}
{"time":"2025-09-20T22:53:18+05:30","level":"ERROR","msg":"Error processing message","service":"worker","worker_id":0,"error":"failed to read message: fetching message: context deadline exceeded"}
{"time":"2025-09-20T22:53:18+05:30","level":"ERROR","msg":"Error processing message","service":"worker","worker_id":6,"error":"failed to read message: fetching message: context deadline exceeded"}
{"time":"2025-09-20T22:53:18+05:30","level":"ERROR","msg":"Error processing message","service":"worker","worker_id":1,"error":"failed to read message: fetching message: context deadline exceeded"}
{"time":"2025-09-20T22:53:18+05:30","level":"ERROR","msg":"Error processing message","service":"worker","worker_id":3,"error":"failed to read message: fetching message: context deadline exceeded"}
{"time":"2025-09-20T22:53:18+05:30","level":"ERROR","msg":"Error processing message","service":"worker","worker_id":5,"error":"failed to read message: fetching message: context deadline exceeded"}
{"time":"2025-09-20T22:53:18+05:30","level":"ERROR","msg":"Error processing message","service":"worker","worker_id":4,"error":"failed to read message: fetching message: context deadline exceeded"}
{"time":"2025-09-20T22:53:18+05:30","level":"ERROR","msg":"Error processing message","service":"worker","worker_id":9,"error":"failed to read message: fetching message: context deadline exceeded"}
{"time":"2025-09-20T22:53:18+05:30","level":"ERROR","msg":"Error processing message","service":"worker","worker_id":7,"error":"failed to read message: fetching message: context deadline exceeded"}
{"time":"2025-09-20T22:53:18+05:30","level":"ERROR","msg":"Error processing message","service":"worker","worker_id":8,"error":"failed to read message: fetching message: context deadline exceeded"}
{"time":"2025-09-20T22:53:18+05:30","level":"ERROR","msg":"Error processing message","service":"worker","worker_id":2,"error":"failed to read message: fetching message: context deadline exceeded"}
{"time":"2025-09-20T22:53:28+05:30","level":"WARN","msg":"Connection pool wait detected","service":"postgres","wait_count":1,"wait_duration":7844333}
{"time":"2025-09-20T22:53:53+05:30","level":"ERROR","msg":"Error processing message","service":"worker","worker_id":8,"error":"failed to read message: fetching message: context deadline exceeded"}
{"time":"2025-09-20T22:53:53+05:30","level":"ERROR","msg":"Error processing message","service":"worker","worker_id":2,"error":"failed to read message: fetching message: context deadline exceeded"}
{"time":"2025-09-20T22:53:53+05:30","level":"ERROR","msg":"Error processing message","service":"worker","worker_id":7,"error":"failed to read message: fetching message: context deadline exceeded"}
{"time":"2025-09-20T22:53:53+05:30","level":"ERROR","msg":"Error processing message","service":"worker","worker_id":9,"error":"failed to read message: fetching message: context deadline exceeded"}
{"time":"2025-09-20T22:53:53+05:30","level":"ERROR","msg":"Error processing message","service":"worker","worker_id":3,"error":"failed to read message: fetching message: context deadline exceeded"}
{"time":"2025-09-20T22:53:53+05:30","level":"ERROR","msg":"Error processing message","service":"worker","worker_id":4,"error":"failed to read message: fetching message: context deadline exceeded"}
{"time":"2025-09-20T22:53:53+05:30","level":"ERROR","msg":"Error processing message","service":"worker","worker_id":1,"error":"failed to read message: fetching message: context deadline exceeded"}
{"time":"2025-09-20T22:53:53+05:30","level":"ERROR","msg":"Error processing message","service":"worker","worker_id":5,"error":"failed to read message: fetching message: context deadline exceeded"}
{"time":"2025-09-20T22:53:53+05:30","level":"ERROR","msg":"Error processing message","service":"worker","worker_id":0,"error":"failed to read message: fetching message: context deadline exceeded"}
{"time":"2025-09-20T22:53:53+05:30","level":"ERROR","msg":"Error processing message","service":"worker","worker_id":6,"error":"failed to read message: fetching message: context deadline exceeded"}
{"time":"2025-09-20T22:53:58+05:30","level":"WARN","msg":"Connection pool wait detected","service":"postgres","wait_count":1,"wait_duration":7844333}
{"time":"2025-09-20T22:54:28+05:30","level":"WARN","msg":"Connection pool wait detected","service":"postgres","wait_count":1,"wait_duration":7844333}
{"time":"2025-09-20T22:54:28+05:30","level":"ERROR","msg":"Error processing message","service":"worker","worker_id":7,"error":"failed to read message: fetching message: context deadline exceeded"}
{"time":"2025-09-20T22:54:28+05:30","level":"ERROR","msg":"Error processing message","service":"worker","worker_id":9,"error":"failed to read message: fetching message: context deadline exceeded"}
{"time":"2025-09-20T22:54:28+05:30","level":"ERROR","msg":"Error processing message","service":"worker","worker_id":0,"error":"failed to read message: fetching message: context deadline exceeded"}
{"time":"2025-09-20T22:54:28+05:30","level":"ERROR","msg":"Error processing message","service":"worker","worker_id":5,"error":"failed to read message: fetching message: context deadline exceeded"}
{"time":"2025-09-20T22:54:28+05:30","level":"ERROR","msg":"Error processing message","service":"worker","worker_id":2,"error":"failed to read message: fetching message: context deadline exceeded"}
{"time":"2025-09-20T22:54:28+05:30","level":"ERROR","msg":"Error processing message","service":"worker","worker_id":8,"error":"failed to read message: fetching message: context deadline exceeded"}
{"time":"2025-09-20T22:54:28+05:30","level":"ERROR","msg":"Error processing message","service":"worker","worker_id":6,"error":"failed to read message: fetching message: context deadline exceeded"}
{"time":"2025-09-20T22:54:28+05:30","level":"ERROR","msg":"Error processing message","service":"worker","worker_id":4,"error":"failed to read message: fetching message: context deadline exceeded"}
{"time":"2025-09-20T22:54:28+05:30","level":"ERROR","msg":"Error processing message","service":"worker","worker_id":1,"error":"failed to read message: fetching message: context deadline exceeded"}
{"time":"2025-09-20T22:54:28+05:30","level":"ERROR","msg":"Error processing message","service":"worker","worker_id":3,"error":"failed to read message: fetching message: context deadline exceeded"}
{"time":"2025-09-20T22:54:58+05:30","level":"WARN","msg":"Connection pool wait detected","service":"postgres","wait_count":1,"wait_duration":7844333}
{"time":"2025-09-20T22:55:03+05:30","level":"ERROR","msg":"Error processing message","service":"worker","worker_id":2,"error":"failed to read message: fetching message: context deadline exceeded"}
{"time":"2025-09-20T22:55:03+05:30","level":"ERROR","msg":"Error processing message","service":"worker","worker_id":4,"error":"failed to read message: fetching message: context deadline exceeded"}
{"time":"2025-09-20T22:55:03+05:30","level":"ERROR","msg":"Error processing message","service":"worker","worker_id":9,"error":"failed to read message: fetching message: context deadline exceeded"}
{"time":"2025-09-20T22:55:03+05:30","level":"ERROR","msg":"Error processing message","service":"worker","worker_id":1,"error":"failed to read message: fetching message: context deadline exceeded"}
{"time":"2025-09-20T22:55:03+05:30","level":"ERROR","msg":"Error processing message","service":"worker","worker_id":3,"error":"failed to read message: fetching message: context deadline exceeded"}
{"time":"2025-09-20T22:55:03+05:30","level":"ERROR","msg":"Error processing message","service":"worker","worker_id":5,"error":"failed to read message: fetching message: context deadline exceeded"}
{"time":"2025-09-20T22:55:03+05:30","level":"ERROR","msg":"Error processing message","service":"worker","worker_id":7,"error":"failed to read message: fetching message: context deadline exceeded"}
{"time":"2025-09-20T22:55:03+05:30","level":"ERROR","msg":"Error processing message","service":"worker","worker_id":0,"error":"failed to read message: fetching message: context deadline exceeded"}
{"time":"2025-09-20T22:55:03+05:30","level":"ERROR","msg":"Error processing message","service":"worker","worker_id":6,"error":"failed to read message: fetching message: context deadline exceeded"}
{"time":"2025-09-20T22:55:03+05:30","level":"ERROR","msg":"Error processing message","service":"worker","worker_id":8,"error":"failed to read message: fetching message: context deadline exceeded"}
{"time":"2025-09-20T22:55:28+05:30","level":"WARN","msg":"Connection pool wait detected","service":"postgres","wait_count":1,"wait_duration":7844333}
{"time":"2025-09-20T22:55:38+05:30","level":"ERROR","msg":"Error processing message","service":"worker","worker_id":6,"error":"failed to read message: fetching message: context deadline exceeded"}
{"time":"2025-09-20T22:55:38+05:30","level":"ERROR","msg":"Error processing message","service":"worker","worker_id":4,"error":"failed to read message: fetching message: context deadline exceeded"}
{"time":"2025-09-20T22:55:38+05:30","level":"ERROR","msg":"Error processing message","service":"worker","worker_id":3,"error":"failed to read message: fetching message: context deadline exceeded"}
{"time":"2025-09-20T22:55:38+05:30","level":"ERROR","msg":"Error processing message","service":"worker","worker_id":8,"error":"failed to read message: fetching message: context deadline exceeded"}
{"time":"2025-09-20T22:55:38+05:30","level":"ERROR","msg":"Error processing message","service":"worker","worker_id":2,"error":"failed to read message: fetching message: context deadline exceeded"}
{"time":"2025-09-20T22:55:38+05:30","level":"ERROR","msg":"Error processing message","service":"worker","worker_id":7,"error":"failed to read message: fetching message: context deadline exceeded"}
{"time":"2025-09-20T22:55:38+05:30","level":"ERROR","msg":"Error processing message","service":"worker","worker_id":1,"error":"failed to read message: fetching message: context deadline exceeded"}
{"time":"2025-09-20T22:55:38+05:30","level":"ERROR","msg":"Error processing message","service":"worker","worker_id":5,"error":"failed to read message: fetching message: context deadline exceeded"}
{"time":"2025-09-20T22:55:38+05:30","level":"ERROR","msg":"Error processing message","service":"worker","worker_id":0,"error":"failed to read message: fetching message: context deadline exceeded"}
{"time":"2025-09-20T22:55:38+05:30","level":"ERROR","msg":"Error processing message","service":"worker","worker_id":9,"error":"failed to read message: fetching message: context deadline exceeded"}
{"time":"2025-09-20T22:55:58+05:30","level":"WARN","msg":"Connection pool wait detected","service":"postgres","wait_count":1,"wait_duration":7844333}
{"time":"2025-09-20T22:56:13+05:30","level":"ERROR","msg":"Error processing message","service":"worker","worker_id":8,"error":"failed to read message: fetching message: context deadline exceeded"}
{"time":"2025-09-20T22:56:13+05:30","level":"ERROR","msg":"Error processing message","service":"worker","worker_id":5,"error":"failed to read message: fetching message: context deadline exceeded"}
{"time":"2025-09-20T22:56:13+05:30","level":"ERROR","msg":"Error processing message","service":"worker","worker_id":3,"error":"failed to read message: fetching message: context deadline exceeded"}
{"time":"2025-09-20T22:56:13+05:30","level":"ERROR","msg":"Error processing message","service":"worker","worker_id":9,"error":"failed to read message: fetching message: context deadline exceeded"}
{"time":"2025-09-20T22:56:13+05:30","level":"ERROR","msg":"Error processing message","service":"worker","worker_id":0,"error":"failed to read message: fetching message: context deadline exceeded"}
{"time":"2025-09-20T22:56:13+05:30","level":"ERROR","msg":"Error processing message","service":"worker","worker_id":2,"error":"failed to read message: fetching message: context deadline exceeded"}
{"time":"2025-09-20T22:56:13+05:30","level":"ERROR","msg":"Error processing message","service":"worker","worker_id":1,"error":"failed to read message: fetching message: context deadline exceeded"}
{"time":"2025-09-20T22:56:13+05:30","level":"ERROR","msg":"Error processing message","service":"worker","worker_id":7,"error":"failed to read message: fetching message: context deadline exceeded"}
{"time":"2025-09-20T22:56:13+05:30","level":"ERROR","msg":"Error processing message","service":"worker","worker_id":6,"error":"failed to read message: fetching message: context deadline exceeded"}
{"time":"2025-09-20T22:56:13+05:30","level":"ERROR","msg":"Error processing message","service":"worker","worker_id":4,"error":"failed to read message: fetching message: context deadline exceeded"}
{"time":"2025-09-20T22:56:28+05:30","level":"WARN","msg":"Connection pool wait detected","service":"postgres","wait_count":1,"wait_duration":7844333}
{"time":"2025-09-20T22:56:48+05:30","level":"ERROR","msg":"Error processing message","service":"worker","worker_id":2,"error":"failed to read message: fetching message: context deadline exceeded"}
{"time":"2025-09-20T22:56:48+05:30","level":"ERROR","msg":"Error processing message","service":"worker","worker_id":3,"error":"failed to read message: fetching message: context deadline exceeded"}
{"time":"2025-09-20T22:56:48+05:30","level":"ERROR","msg":"Error processing message","service":"worker","worker_id":8,"error":"failed to read message: fetching message: context deadline exceeded"}
{"time":"2025-09-20T22:56:48+05:30","level":"ERROR","msg":"Error processing message","service":"worker","worker_id":6,"error":"failed to read message: fetching message: context deadline exceeded"}
{"time":"2025-09-20T22:56:48+05:30","level":"ERROR","msg":"Error processing message","service":"worker","worker_id":4,"error":"failed to read message: fetching message: context deadline exceeded"}
{"time":"2025-09-20T22:56:48+05:30","level":"ERROR","msg":"Error processing message","service":"worker","worker_id":9,"error":"failed to read message: fetching message: context deadline exceeded"}
{"time":"2025-09-20T22:56:48+05:30","level":"ERROR","msg":"Error processing message","service":"worker","worker_id":5,"error":"failed to read message: fetching message: context deadline exceeded"}
{"time":"2025-09-20T22:56:48+05:30","level":"ERROR","msg":"Error processing message","service":"worker","worker_id":0,"error":"failed to read message: fetching message: context deadline exceeded"}
{"time":"2025-09-20T22:56:48+05:30","level":"ERROR","msg":"Error processing message","service":"worker","worker_id":1,"error":"failed to read message: fetching message: context deadline exceeded"}
{"time":"2025-09-20T22:56:48+05:30","level":"ERROR","msg":"Error processing message","service":"worker","worker_id":7,"error":"failed to read message: fetching message: context deadline exceeded"}
{"time":"2025-09-20T22:56:58+05:30","level":"WARN","msg":"Connection pool wait detected","service":"postgres","wait_count":1,"wait_duration":7844333}
{"time":"2025-09-20T22:57:23+05:30","level":"ERROR","msg":"Error processing message","service":"worker","worker_id":4,"error":"failed to read message: fetching message: context deadline exceeded"}
{"time":"2025-09-20T22:57:23+05:30","level":"ERROR","msg":"Error processing message","service":"worker","worker_id":9,"error":"failed to read message: fetching message: context deadline exceeded"}
{"time":"2025-09-20T22:57:23+05:30","level":"ERROR","msg":"Error processing message","service":"worker","worker_id":7,"error":"failed to read message: fetching message: context deadline exceeded"}
{"time":"2025-09-20T22:57:23+05:30","level":"ERROR","msg":"Error processing message","service":"worker","worker_id":8,"error":"failed to read message: fetching message: context deadline exceeded"}
{"time":"2025-09-20T22:57:23+05:30","level":"ERROR","msg":"Error processing message","service":"worker","worker_id":5,"error":"failed to read message: fetching message: context deadline exceeded"}
{"time":"2025-09-20T22:57:23+05:30","level":"ERROR","msg":"Error processing message","service":"worker","worker_id":6,"error":"failed to read message: fetching message: context deadline exceeded"}
{"time":"2025-09-20T22:57:23+05:30","level":"ERROR","msg":"Error processing message","service":"worker","worker_id":1,"error":"failed to read message: fetching message: context deadline exceeded"}
{"time":"2025-09-20T22:57:23+05:30","level":"ERROR","msg":"Error processing message","service":"worker","worker_id":2,"error":"failed to read message: fetching message: context deadline exceeded"}
{"time":"2025-09-20T22:57:23+05:30","level":"ERROR","msg":"Error processing message","service":"worker","worker_id":0,"error":"failed to read message: fetching message: context deadline exceeded"}
{"time":"2025-09-20T22:57:23+05:30","level":"ERROR","msg":"Error processing message","service":"worker","worker_id":3,"error":"failed to read message: fetching message: context deadline exceeded"}
{"time":"2025-09-20T22:57:28+05:30","level":"WARN","msg":"Connection pool wait detected","service":"postgres","wait_count":1,"wait_duration":7844333}
{"time":"2025-09-20T22:57:58+05:30","level":"WARN","msg":"Connection pool wait detected","service":"postgres","wait_count":1,"wait_duration":7844333}
{"time":"2025-09-20T22:57:58+05:30","level":"ERROR","msg":"Error processing message","service":"worker","worker_id":1,"error":"failed to read message: fetching message: context deadline exceeded"}
{"time":"2025-09-20T22:57:58+05:30","level":"ERROR","msg":"Error processing message","service":"worker","worker_id":7,"error":"failed to read message: fetching message: context deadline exceeded"}
{"time":"2025-09-20T22:57:58+05:30","level":"ERROR","msg":"Error processing message","service":"worker","worker_id":4,"error":"failed to read message: fetching message: context deadline exceeded"}
{"time":"2025-09-20T22:57:58+05:30","level":"ERROR","msg":"Error processing message","service":"worker","worker_id":3,"error":"failed to read message: fetching message: context deadline exceeded"}
{"time":"2025-09-20T22:57:58+05:30","level":"ERROR","msg":"Error processing message","service":"worker","worker_id":8,"error":"failed to read message: fetching message: context deadline exceeded"}
{"time":"2025-09-20T22:57:58+05:30","level":"ERROR","msg":"Error processing message","service":"worker","worker_id":6,"error":"failed to read message: fetching message: context deadline exceeded"}
{"time":"2025-09-20T22:57:58+05:30","level":"ERROR","msg":"Error processing message","service":"worker","worker_id":9,"error":"failed to read message: fetching message: context deadline exceeded"}
{"time":"2025-09-20T22:57:58+05:30","level":"ERROR","msg":"Error processing message","service":"worker","worker_id":5,"error":"failed to read message: fetching message: context deadline exceeded"}
{"time":"2025-09-20T22:57:58+05:30","level":"ERROR","msg":"Error processing message","service":"worker","worker_id":0,"error":"failed to read message: fetching message: context deadline exceeded"}
{"time":"2025-09-20T22:57:58+05:30","level":"ERROR","msg":"Error processing message","service":"worker","worker_id":2,"error":"failed to read message: fetching message: context deadline exceeded"}
{"time":"2025-09-20T22:58:28+05:30","level":"WARN","msg":"Connection pool wait detected","service":"postgres","wait_count":1,"wait_duration":7844333}
{"time":"2025-09-20T22:58:33+05:30","level":"ERROR","msg":"Error processing message","service":"worker","worker_id":0,"error":"failed to read message: fetching message: context deadline exceeded"}
{"time":"2025-09-20T22:58:33+05:30","level":"ERROR","msg":"Error processing message","service":"worker","worker_id":1,"error":"failed to read message: fetching message: context deadline exceeded"}
{"time":"2025-09-20T22:58:33+05:30","level":"ERROR","msg":"Error processing message","service":"worker","worker_id":6,"error":"failed to read message: fetching message: context deadline exceeded"}
{"time":"2025-09-20T22:58:33+05:30","level":"ERROR","msg":"Error processing message","service":"worker","worker_id":3,"error":"failed to read message: fetching message: context deadline exceeded"}
{"time":"2025-09-20T22:58:33+05:30","level":"ERROR","msg":"Error processing message","service":"worker","worker_id":8,"error":"failed to read message: fetching message: context deadline exceeded"}
{"time":"2025-09-20T22:58:33+05:30","level":"ERROR","msg":"Error processing message","service":"worker","worker_id":7,"error":"failed to read message: fetching message: context deadline exceeded"}
{"time":"2025-09-20T22:58:33+05:30","level":"ERROR","msg":"Error processing message","service":"worker","worker_id":4,"error":"failed to read message: fetching message: context deadline exceeded"}
{"time":"2025-09-20T22:58:33+05:30","level":"ERROR","msg":"Error processing message","service":"worker","worker_id":9,"error":"failed to read message: fetching message: context deadline exceeded"}
{"time":"2025-09-20T22:58:33+05:30","level":"ERROR","msg":"Error processing message","service":"worker","worker_id":5,"error":"failed to read message: fetching message: context deadline exceeded"}
{"time":"2025-09-20T22:58:33+05:30","level":"ERROR","msg":"Error processing message","service":"worker","worker_id":2,"error":"failed to read message: fetching message: context deadline exceeded"}
{"time":"2025-09-20T22:58:55+05:30","level":"INFO","msg":"Shutting down worker...","service":"worker"}
{"time":"2025-09-20T22:58:55+05:30","level":"INFO","msg":"Stopping worker...","service":"worker"}
{"time":"2025-09-20T22:58:55+05:30","level":"INFO","msg":"Worker stopped","service":"worker"}
{"time":"2025-09-20T22:58:55+05:30","level":"INFO","msg":"Worker shutdown completed","service":"worker"}
{"time":"2025-09-20T22:58:55+05:30","level":"INFO","msg":"Database connection closed","service":"postgres"}
